<?xml version="1.0" encoding="UTF-8"?>
<!-- Generated by org.testng.reporters.JUnitXMLReporter -->
<testsuite hostname="DESKTOP-VUTV3O0" ignored="0" name="Default test" tests="4" failures="0" timestamp="08 Dec 2018 12:40:49 GMT" time="21.506" errors="0">
  <testcase name="userLogin" time="2.227" classname="userManagement.OrangeTask.SystemUsers"/>
  <testcase name="openSysUsersPage" time="3.685" classname="userManagement.OrangeTask.SystemUsers"/>
  <testcase name="searchForUser" time="1.095" classname="userManagement.OrangeTask.SystemUsers"/>
  <testcase name="closeBrowser" time="2.747" classname="userManagement.OrangeTask.SystemUsers"/>
</testsuite> <!-- Default test -->
